<testsuite failures="0" name="features/OMDB.feature" skipped="0" tests="2" time="1.687316">
  <testcase classname="features.OMDB" name="Verify that API key is required" time="0.842757">
    <system-out>* url 'http://www.omdbapi.com' ............................................ passed
Given param t = 'Home Alone' .............................................. passed
When method get ........................................................... passed
Then status 401 ........................................................... passed
And assert response.Error == 'No API key provided.' ....................... passed
* print response .......................................................... passed</system-out>
  </testcase>
  <testcase classname="features.OMDB" name="Verify movie info" time="0.844559">
    <system-out>* url 'http://www.omdbapi.com' ............................................ passed
Given param t = 'Home Alone' .............................................. passed
When method get ........................................................... passed
Then status 401 ........................................................... passed
And assert response.Error == 'No API key provided.' ....................... passed
* print response .......................................................... passed
* url 'http://www.omdbapi.com' ............................................ passed
Given param t = 'Karate' .................................................. passed
And param apiKey = '9f94d4d0' ............................................. passed
When method get ........................................................... passed
* print karate.pretty(response) ........................................... passed
Then status 200 ........................................................... passed
And match response contains {Title: 'Karate'} ............................. passed</system-out>
  </testcase>
</testsuite>
