<testsuite failures="0" name="features/Zippopotam.feature" skipped="0" tests="5" time="1.593316">
  <testcase classname="features.Zippopotam" name="search for Beverly Hills" time="0.919511">
    <system-out>* url 'http://api.zippopotam.us/' ......................................... passed
* header Accept = 'application/json' ...................................... passed
Given path 'us/90210' ..................................................... passed
When method get ........................................................... passed
Then status 200 ........................................................... passed
And match header Content-Type == 'application/json' ....................... passed
And match response.country == 'United States' ............................. passed
And match response.places[0].['place name'] == 'Beverly Hills' ............ passed
And match response.places[0].['state abbreviation'] == 'CA' ............... passed
* print karate.pretty(response) ........................................... passed</system-out>
  </testcase>
  <testcase classname="features.Zippopotam" name="Search for New York City" time="0.158156">
    <system-out>* url 'http://api.zippopotam.us/' ......................................... passed
* header Accept = 'application/json' ...................................... passed
Given path 'us/90210' ..................................................... passed
When method get ........................................................... passed
Then status 200 ........................................................... passed
And match header Content-Type == 'application/json' ....................... passed
And match response.country == 'United States' ............................. passed
And match response.places[0].['place name'] == 'Beverly Hills' ............ passed
And match response.places[0].['state abbreviation'] == 'CA' ............... passed
* print karate.pretty(response) ........................................... passed
* url 'http://api.zippopotam.us/' ......................................... passed
* header Accept = 'application/json' ...................................... passed
Given path '/us/10001' .................................................... passed
When method get ........................................................... passed
Then status 200 ........................................................... passed
And match header Content-Type == 'application/json' ....................... passed
And match response.country == 'United States' ............................. passed
And match response.places[0].['place name'] == 'New York City' ............ passed
And match response.places[0].['state abbreviation'] == 'NY' ............... passed
And match response.['post code'] == '10001' ............................... passed
And print karate.pretty(response) ......................................... passed</system-out>
  </testcase>
  <testcase classname="features.Zippopotam" name="Search for Washington" time="0.15689">
    <system-out>* url 'http://api.zippopotam.us/' ......................................... passed
* header Accept = 'application/json' ...................................... passed
Given path 'us/90210' ..................................................... passed
When method get ........................................................... passed
Then status 200 ........................................................... passed
And match header Content-Type == 'application/json' ....................... passed
And match response.country == 'United States' ............................. passed
And match response.places[0].['place name'] == 'Beverly Hills' ............ passed
And match response.places[0].['state abbreviation'] == 'CA' ............... passed
* print karate.pretty(response) ........................................... passed
* url 'http://api.zippopotam.us/' ......................................... passed
* header Accept = 'application/json' ...................................... passed
Given path '/us/10001' .................................................... passed
When method get ........................................................... passed
Then status 200 ........................................................... passed
And match header Content-Type == 'application/json' ....................... passed
And match response.country == 'United States' ............................. passed
And match response.places[0].['place name'] == 'New York City' ............ passed
And match response.places[0].['state abbreviation'] == 'NY' ............... passed
And match response.['post code'] == '10001' ............................... passed
And print karate.pretty(response) ......................................... passed
* url 'http://api.zippopotam.us/' ......................................... passed
* header Accept = 'application/json' ...................................... passed
Given path '/us/20002' .................................................... passed
When method get ........................................................... passed
Then status 200 ........................................................... passed
And match header Content-Type == 'application/json' ....................... passed
And match response.country == 'United States' ............................. passed
And match response.places[0].['place name'] == 'Washington' ............... passed
And match response.places[0].['state abbreviation'] == 'DC' ............... passed
And match response.['post code'] == '20002' ............................... passed
And print karate.pretty(response) ......................................... passed</system-out>
  </testcase>
  <testcase classname="features.Zippopotam" name="Search for Pompano Beach" time="0.171589">
    <system-out>* url 'http://api.zippopotam.us/' ......................................... passed
* header Accept = 'application/json' ...................................... passed
Given path 'us/90210' ..................................................... passed
When method get ........................................................... passed
Then status 200 ........................................................... passed
And match header Content-Type == 'application/json' ....................... passed
And match response.country == 'United States' ............................. passed
And match response.places[0].['place name'] == 'Beverly Hills' ............ passed
And match response.places[0].['state abbreviation'] == 'CA' ............... passed
* print karate.pretty(response) ........................................... passed
* url 'http://api.zippopotam.us/' ......................................... passed
* header Accept = 'application/json' ...................................... passed
Given path '/us/10001' .................................................... passed
When method get ........................................................... passed
Then status 200 ........................................................... passed
And match header Content-Type == 'application/json' ....................... passed
And match response.country == 'United States' ............................. passed
And match response.places[0].['place name'] == 'New York City' ............ passed
And match response.places[0].['state abbreviation'] == 'NY' ............... passed
And match response.['post code'] == '10001' ............................... passed
And print karate.pretty(response) ......................................... passed
* url 'http://api.zippopotam.us/' ......................................... passed
* header Accept = 'application/json' ...................................... passed
Given path '/us/20002' .................................................... passed
When method get ........................................................... passed
Then status 200 ........................................................... passed
And match header Content-Type == 'application/json' ....................... passed
And match response.country == 'United States' ............................. passed
And match response.places[0].['place name'] == 'Washington' ............... passed
And match response.places[0].['state abbreviation'] == 'DC' ............... passed
And match response.['post code'] == '20002' ............................... passed
And print karate.pretty(response) ......................................... passed
* url 'http://api.zippopotam.us/' ......................................... passed
* header Accept = 'application/json' ...................................... passed
Given path '/us/33063' .................................................... passed
When method get ........................................................... passed
Then status 200 ........................................................... passed
And match header Content-Type == 'application/json' ....................... passed
And match response.country == 'United States' ............................. passed
And match response.places[0].['place name'] == 'Pompano Beach' ............ passed
And match response.places[0].['state abbreviation'] == 'FL' ............... passed
And match response.['post code'] == '33063' ............................... passed
And print karate.pretty(response) ......................................... passed</system-out>
  </testcase>
  <testcase classname="features.Zippopotam" name="Search for Agawam" time="0.187172">
    <system-out>* url 'http://api.zippopotam.us/' ......................................... passed
* header Accept = 'application/json' ...................................... passed
Given path 'us/90210' ..................................................... passed
When method get ........................................................... passed
Then status 200 ........................................................... passed
And match header Content-Type == 'application/json' ....................... passed
And match response.country == 'United States' ............................. passed
And match response.places[0].['place name'] == 'Beverly Hills' ............ passed
And match response.places[0].['state abbreviation'] == 'CA' ............... passed
* print karate.pretty(response) ........................................... passed
* url 'http://api.zippopotam.us/' ......................................... passed
* header Accept = 'application/json' ...................................... passed
Given path '/us/10001' .................................................... passed
When method get ........................................................... passed
Then status 200 ........................................................... passed
And match header Content-Type == 'application/json' ....................... passed
And match response.country == 'United States' ............................. passed
And match response.places[0].['place name'] == 'New York City' ............ passed
And match response.places[0].['state abbreviation'] == 'NY' ............... passed
And match response.['post code'] == '10001' ............................... passed
And print karate.pretty(response) ......................................... passed
* url 'http://api.zippopotam.us/' ......................................... passed
* header Accept = 'application/json' ...................................... passed
Given path '/us/20002' .................................................... passed
When method get ........................................................... passed
Then status 200 ........................................................... passed
And match header Content-Type == 'application/json' ....................... passed
And match response.country == 'United States' ............................. passed
And match response.places[0].['place name'] == 'Washington' ............... passed
And match response.places[0].['state abbreviation'] == 'DC' ............... passed
And match response.['post code'] == '20002' ............................... passed
And print karate.pretty(response) ......................................... passed
* url 'http://api.zippopotam.us/' ......................................... passed
* header Accept = 'application/json' ...................................... passed
Given path '/us/33063' .................................................... passed
When method get ........................................................... passed
Then status 200 ........................................................... passed
And match header Content-Type == 'application/json' ....................... passed
And match response.country == 'United States' ............................. passed
And match response.places[0].['place name'] == 'Pompano Beach' ............ passed
And match response.places[0].['state abbreviation'] == 'FL' ............... passed
And match response.['post code'] == '33063' ............................... passed
And print karate.pretty(response) ......................................... passed
* url 'http://api.zippopotam.us/' ......................................... passed
* header Accept = 'application/json' ...................................... passed
Given path '/us/01001' .................................................... passed
When method get ........................................................... passed
Then status 200 ........................................................... passed
And match header Content-Type == 'application/json' ....................... passed
And match response.country == 'United States' ............................. passed
And match response.places[0].['place name'] == 'Agawam' ................... passed
And match response.places[0].['state abbreviation'] == 'MA' ............... passed
And match response.['post code'] == '01001' ............................... passed
And print karate.pretty(response) ......................................... passed</system-out>
  </testcase>
</testsuite>
