<testsuite failures="1" name="src/test/java/features/Spartan.feature" skipped="0" tests="2" time="1.228769">
  <testcase classname="src.test.java.features.Spartan" name="Get all spartans" time="1.091135">
    <system-out>* url 'http://54.196.47.224:8000' ......................................... passed
* header Authorization = call read('basic-auth.js') { username: 'admin', password: 'admin' } . passed
Given path '/api/spartans' ................................................ passed
When method get ........................................................... passed
Then status 200 ........................................................... passed
* print karate.pretty(response) ........................................... passed</system-out>
  </testcase>
  <testcase classname="src.test.java.features.Spartan" name="Add new spartan and verify status code" time="0.137634">
    <failure message="Spartan.feature:28 - status code was: 500, expected: 201, response time: 119, url: http://54.196.47.224:8000/api/spartans, response: {&quot;path&quot;:&quot;/api/spartans&quot;,&quot;error&quot;:&quot;Internal Server Error&quot;,&quot;message&quot;:&quot;could not execute statement; SQL [n/a]; nested exception is org.hibernate.exception.DataException: could not execute statement&quot;,&quot;timestamp&quot;:&quot;2020-06-04T13:04:08.401+0000&quot;,&quot;status&quot;:500}">* url 'http://54.196.47.224:8000' ......................................... passed
* header Authorization = call read('basic-auth.js') { username: 'admin', password: 'admin' } . passed
Given path '/api/spartans' ................................................ passed
When method get ........................................................... passed
Then status 200 ........................................................... passed
* print karate.pretty(response) ........................................... passed
* url 'http://54.196.47.224:8000' ......................................... passed
* header Authorization = call read('basic-auth.js') { username: 'admin', password: 'admin' } . passed
Given path '/api/spartans' ................................................ passed
* def spartan = ........................................................... passed
And request spartan ....................................................... passed
When method post .......................................................... passed
Then status 201 ........................................................... failed

Stack Trace:
com.intuit.karate.exception.KarateException: Spartan.feature:28 - status code was: 500, expected: 201, response time: 119, url: http://54.196.47.224:8000/api/spartans, response: {"path":"/api/spartans","error":"Internal Server Error","message":"could not execute statement; SQL [n/a]; nested exception is org.hibernate.exception.DataException: could not execute statement","timestamp":"2020-06-04T13:04:08.401+0000","status":500}&#13;
	at âœ½.Then status 201 (Spartan.feature:28)&#13;

And print karate.pretty(response) ......................................... skipped</failure>
  </testcase>
</testsuite>
