<testsuite failures="0" name="src/test/java/features/Zippopotam.feature" skipped="0" tests="1" time="0.768934">
  <testcase classname="src.test.java.features.Zippopotam" name="search for Beverly Hills" time="0.768934">
    <system-out>* url 'http://api.zippopotam.us/' ......................................... passed
* header Accept = 'application/json' ...................................... passed
Given path 'us/90210' ..................................................... passed
When method get ........................................................... passed
Then status 200 ........................................................... passed
And match header Content-Type == 'application/json' ....................... passed
And match response.country == 'United States' ............................. passed
And match response.places[0].['place name'] == 'Beverly Hills' ............ passed</system-out>
  </testcase>
</testsuite>
