<testsuite failures="0" name="src/test/java/features/OMDB.feature" skipped="0" tests="1" time="0.714136">
  <testcase classname="src.test.java.features.OMDB" name="Verify that API key is required" time="0.714136">
    <system-out>* url 'http://www.omdbapi.com' ............................................ passed
Given param t = 'Home Alone' .............................................. passed
When method get ........................................................... passed
Then status 401 ........................................................... passed
And assert response.Error == 'No API key provided.' ....................... passed
* print response .......................................................... passed</system-out>
  </testcase>
</testsuite>
